  [1m[35m (3.6ms)[0m  [1m[34mSELECT sqlite_version(*)[0m
  [1m[35m (0.1ms)[0m  [1m[34mSELECT sqlite_version(*)[0m
  [1m[35m (1.7ms)[0m  [1m[34mSELECT sqlite_version(*)[0m
  [1m[35m (4.2ms)[0m  [1m[35mCREATE TABLE "schema_migrations" ("version" varchar NOT NULL PRIMARY KEY)[0m
  [1m[35m (1.7ms)[0m  [1m[35mCREATE TABLE "ar_internal_metadata" ("key" varchar NOT NULL PRIMARY KEY, "value" varchar, "created_at" datetime(6) NOT NULL, "updated_at" datetime(6) NOT NULL)[0m
  [1m[35m (0.2ms)[0m  [1m[34mSELECT "schema_migrations"."version" FROM "schema_migrations" ORDER BY "schema_migrations"."version" ASC[0m
Migrating to CreateUsers (20210417175712)
  [1m[36mTRANSACTION (0.1ms)[0m  [1m[36mbegin transaction[0m
  [1m[35m (1.0ms)[0m  [1m[35mCREATE TABLE "users" ("id" integer PRIMARY KEY AUTOINCREMENT NOT NULL, "first_name" varchar, "last_name" varchar, "password_digest" varchar, "username" varchar, "email" varchar, "created_at" datetime(6) NOT NULL, "updated_at" datetime(6) NOT NULL)[0m
  [1m[36mActiveRecord::SchemaMigration Create (0.3ms)[0m  [1m[32mINSERT INTO "schema_migrations" ("version") VALUES (?)[0m  [["version", "20210417175712"]]
  [1m[36mTRANSACTION (1.1ms)[0m  [1m[36mcommit transaction[0m
Migrating to CreateCategories (20210417180035)
  [1m[36mTRANSACTION (0.1ms)[0m  [1m[36mbegin transaction[0m
  [1m[35m (1.7ms)[0m  [1m[35mCREATE TABLE "categories" ("id" integer PRIMARY KEY AUTOINCREMENT NOT NULL, "name" varchar, "created_at" datetime(6) NOT NULL, "updated_at" datetime(6) NOT NULL)[0m
  [1m[36mActiveRecord::SchemaMigration Create (0.3ms)[0m  [1m[32mINSERT INTO "schema_migrations" ("version") VALUES (?)[0m  [["version", "20210417180035"]]
  [1m[36mTRANSACTION (1.2ms)[0m  [1m[36mcommit transaction[0m
Migrating to CreateOrganizations (20210417180231)
  [1m[36mTRANSACTION (0.1ms)[0m  [1m[36mbegin transaction[0m
  [1m[35m (0.6ms)[0m  [1m[35mCREATE TABLE "organizations" ("id" integer PRIMARY KEY AUTOINCREMENT NOT NULL, "name" varchar, "created_at" datetime(6) NOT NULL, "updated_at" datetime(6) NOT NULL)[0m
  [1m[36mActiveRecord::SchemaMigration Create (0.3ms)[0m  [1m[32mINSERT INTO "schema_migrations" ("version") VALUES (?)[0m  [["version", "20210417180231"]]
  [1m[36mTRANSACTION (2.1ms)[0m  [1m[36mcommit transaction[0m
Migrating to CreateResourceCategories (20210417180355)
  [1m[36mTRANSACTION (0.1ms)[0m  [1m[36mbegin transaction[0m
  [1m[35m (0.6ms)[0m  [1m[35mCREATE TABLE "resource_categories" ("id" integer PRIMARY KEY AUTOINCREMENT NOT NULL, "category_id" integer NOT NULL, "resource_id" integer NOT NULL, "created_at" datetime(6) NOT NULL, "updated_at" datetime(6) NOT NULL, CONSTRAINT "fk_rails_7e181f64a6"
FOREIGN KEY ("category_id")
  REFERENCES "categories" ("id")
, CONSTRAINT "fk_rails_4ee2b6aa57"
FOREIGN KEY ("resource_id")
  REFERENCES "resources" ("id")
)[0m
  [1m[35m (0.2ms)[0m  [1m[35mCREATE INDEX "index_resource_categories_on_category_id" ON "resource_categories" ("category_id")[0m
  [1m[35m (0.1ms)[0m  [1m[35mCREATE INDEX "index_resource_categories_on_resource_id" ON "resource_categories" ("resource_id")[0m
  [1m[36mActiveRecord::SchemaMigration Create (0.2ms)[0m  [1m[32mINSERT INTO "schema_migrations" ("version") VALUES (?)[0m  [["version", "20210417180355"]]
  [1m[36mTRANSACTION (2.0ms)[0m  [1m[36mcommit transaction[0m
Migrating to CreateResources (20210417180544)
  [1m[35m (1.3ms)[0m  [1m[34mSELECT sqlite_version(*)[0m
  [1m[35m (2.3ms)[0m  [1m[34mSELECT "schema_migrations"."version" FROM "schema_migrations" ORDER BY "schema_migrations"."version" ASC[0m
Migrating to CreateResources (20210417180544)
  [1m[36mTRANSACTION (0.1ms)[0m  [1m[36mbegin transaction[0m
  [1m[35m (1.3ms)[0m  [1m[35mCREATE TABLE "resources" ("id" integer PRIMARY KEY AUTOINCREMENT NOT NULL, "name" varchar, "amount" varchar, "link" varchar, "description" text, "organization_id" integer NOT NULL, "created_at" datetime(6) NOT NULL, "updated_at" datetime(6) NOT NULL, CONSTRAINT "fk_rails_b7c74d1aaf"
FOREIGN KEY ("organization_id")
  REFERENCES "organizations" ("id")
)[0m
  [1m[35m (0.2ms)[0m  [1m[35mCREATE INDEX "index_resources_on_organization_id" ON "resources" ("organization_id")[0m
  [1m[36mActiveRecord::SchemaMigration Create (0.8ms)[0m  [1m[32mINSERT INTO "schema_migrations" ("version") VALUES (?)[0m  [["version", "20210417180544"]]
  [1m[36mTRANSACTION (1.1ms)[0m  [1m[36mcommit transaction[0m
  [1m[36mActiveRecord::InternalMetadata Load (0.7ms)[0m  [1m[34mSELECT "ar_internal_metadata".* FROM "ar_internal_metadata" WHERE "ar_internal_metadata"."key" = ? LIMIT ?[0m  [["key", "environment"], ["LIMIT", 1]]
  [1m[36mTRANSACTION (0.1ms)[0m  [1m[36mbegin transaction[0m
  [1m[36mActiveRecord::InternalMetadata Create (1.0ms)[0m  [1m[32mINSERT INTO "ar_internal_metadata" ("key", "value", "created_at", "updated_at") VALUES (?, ?, ?, ?)[0m  [["key", "environment"], ["value", "development"], ["created_at", "2021-04-17 18:31:21.678149"], ["updated_at", "2021-04-17 18:31:21.678149"]]
  [1m[36mTRANSACTION (1.4ms)[0m  [1m[36mcommit transaction[0m
  [1m[35m (0.1ms)[0m  [1m[34mSELECT sqlite_version(*)[0m
  [1m[35m (0.1ms)[0m  [1m[34mSELECT "schema_migrations"."version" FROM "schema_migrations" ORDER BY "schema_migrations"."version" ASC[0m
  [1m[35m (0.6ms)[0m  [1m[34mSELECT sqlite_version(*)[0m
  [1m[35m (0.2ms)[0m  [1m[34mSELECT "schema_migrations"."version" FROM "schema_migrations" ORDER BY "schema_migrations"."version" ASC[0m
  [1m[35m (0.1ms)[0m  [1m[34mSELECT sqlite_version(*)[0m
  [1m[35m (0.7ms)[0m  [1m[34mSELECT sqlite_version(*)[0m
  [1m[35m (0.2ms)[0m  [1m[34mSELECT "schema_migrations"."version" FROM "schema_migrations" ORDER BY "schema_migrations"."version" ASC[0m
  [1m[35m (0.1ms)[0m  [1m[34mSELECT sqlite_version(*)[0m
  [1m[36mTRANSACTION (0.1ms)[0m  [1m[36mbegin transaction[0m
  [1m[36mOrganization Load (0.5ms)[0m  [1m[34mSELECT "organizations".* FROM "organizations" WHERE "organizations"."id" = ? LIMIT ?[0m  [["id", 1], ["LIMIT", 1]]
  [1m[36mTRANSACTION (0.1ms)[0m  [1m[31mrollback transaction[0m
  [1m[36mTRANSACTION (0.1ms)[0m  [1m[36mbegin transaction[0m
  [1m[36mOrganization Load (0.1ms)[0m  [1m[34mSELECT "organizations".* FROM "organizations" WHERE "organizations"."id" = ? LIMIT ?[0m  [["id", 1], ["LIMIT", 1]]
  [1m[36mTRANSACTION (0.1ms)[0m  [1m[31mrollback transaction[0m
  [1m[36mTRANSACTION (0.1ms)[0m  [1m[36mbegin transaction[0m
  [1m[36mOrganization Load (0.1ms)[0m  [1m[34mSELECT "organizations".* FROM "organizations" WHERE "organizations"."id" = ? LIMIT ?[0m  [["id", 3], ["LIMIT", 1]]
  [1m[36mTRANSACTION (0.1ms)[0m  [1m[31mrollback transaction[0m
  [1m[36mTRANSACTION (0.1ms)[0m  [1m[36mbegin transaction[0m
  [1m[36mOrganization Load (0.1ms)[0m  [1m[34mSELECT "organizations".* FROM "organizations" WHERE "organizations"."id" = ? LIMIT ?[0m  [["id", 2], ["LIMIT", 1]]
  [1m[36mTRANSACTION (0.0ms)[0m  [1m[31mrollback transaction[0m
  [1m[36mTRANSACTION (0.1ms)[0m  [1m[36mbegin transaction[0m
  [1m[36mOrganization Load (0.2ms)[0m  [1m[34mSELECT "organizations".* FROM "organizations" WHERE "organizations"."id" = ? LIMIT ?[0m  [["id", 1], ["LIMIT", 1]]
  [1m[36mTRANSACTION (0.1ms)[0m  [1m[31mrollback transaction[0m
  [1m[36mTRANSACTION (0.1ms)[0m  [1m[36mbegin transaction[0m
  [1m[36mOrganization Create (1.8ms)[0m  [1m[32mINSERT INTO "organizations" ("name", "created_at", "updated_at") VALUES (?, ?, ?)[0m  [["name", "Schumm-Kertzmann"], ["created_at", "2021-04-17 18:32:00.975870"], ["updated_at", "2021-04-17 18:32:00.975870"]]
  [1m[36mTRANSACTION (2.9ms)[0m  [1m[36mcommit transaction[0m
  [1m[36mTRANSACTION (0.1ms)[0m  [1m[36mbegin transaction[0m
  [1m[36mOrganization Create (0.5ms)[0m  [1m[32mINSERT INTO "organizations" ("name", "created_at", "updated_at") VALUES (?, ?, ?)[0m  [["name", "Block Inc"], ["created_at", "2021-04-17 18:32:00.985459"], ["updated_at", "2021-04-17 18:32:00.985459"]]
  [1m[36mTRANSACTION (2.0ms)[0m  [1m[36mcommit transaction[0m
  [1m[36mTRANSACTION (0.1ms)[0m  [1m[36mbegin transaction[0m
  [1m[36mOrganization Create (0.5ms)[0m  [1m[32mINSERT INTO "organizations" ("name", "created_at", "updated_at") VALUES (?, ?, ?)[0m  [["name", "DuBuque-Langosh"], ["created_at", "2021-04-17 18:32:00.992671"], ["updated_at", "2021-04-17 18:32:00.992671"]]
  [1m[36mTRANSACTION (1.0ms)[0m  [1m[36mcommit transaction[0m
  [1m[36mTRANSACTION (0.1ms)[0m  [1m[36mbegin transaction[0m
  [1m[36mCategory Create (1.2ms)[0m  [1m[32mINSERT INTO "categories" ("name", "created_at", "updated_at") VALUES (?, ?, ?)[0m  [["name", "eos"], ["created_at", "2021-04-17 18:32:01.009997"], ["updated_at", "2021-04-17 18:32:01.009997"]]
  [1m[36mTRANSACTION (1.0ms)[0m  [1m[36mcommit transaction[0m
  [1m[36mTRANSACTION (0.1ms)[0m  [1m[36mbegin transaction[0m
  [1m[36mCategory Create (0.6ms)[0m  [1m[32mINSERT INTO "categories" ("name", "created_at", "updated_at") VALUES (?, ?, ?)[0m  [["name", "est"], ["created_at", "2021-04-17 18:32:01.017888"], ["updated_at", "2021-04-17 18:32:01.017888"]]
  [1m[36mTRANSACTION (1.0ms)[0m  [1m[36mcommit transaction[0m
  [1m[36mTRANSACTION (0.1ms)[0m  [1m[36mbegin transaction[0m
  [1m[36mCategory Create (0.6ms)[0m  [1m[32mINSERT INTO "categories" ("name", "created_at", "updated_at") VALUES (?, ?, ?)[0m  [["name", "neque"], ["created_at", "2021-04-17 18:32:01.024176"], ["updated_at", "2021-04-17 18:32:01.024176"]]
  [1m[36mTRANSACTION (1.3ms)[0m  [1m[36mcommit transaction[0m
  [1m[36mTRANSACTION (0.1ms)[0m  [1m[36mbegin transaction[0m
  [1m[36mCategory Create (0.8ms)[0m  [1m[32mINSERT INTO "categories" ("name", "created_at", "updated_at") VALUES (?, ?, ?)[0m  [["name", "quos"], ["created_at", "2021-04-17 18:32:01.035617"], ["updated_at", "2021-04-17 18:32:01.035617"]]
  [1m[36mTRANSACTION (1.1ms)[0m  [1m[36mcommit transaction[0m
  [1m[36mTRANSACTION (0.1ms)[0m  [1m[36mbegin transaction[0m
  [1m[36mCategory Create (0.5ms)[0m  [1m[32mINSERT INTO "categories" ("name", "created_at", "updated_at") VALUES (?, ?, ?)[0m  [["name", "eos"], ["created_at", "2021-04-17 18:32:01.054249"], ["updated_at", "2021-04-17 18:32:01.054249"]]
  [1m[36mTRANSACTION (1.3ms)[0m  [1m[36mcommit transaction[0m
  [1m[36mTRANSACTION (0.1ms)[0m  [1m[36mbegin transaction[0m
  [1m[36mCategory Create (0.5ms)[0m  [1m[32mINSERT INTO "categories" ("name", "created_at", "updated_at") VALUES (?, ?, ?)[0m  [["name", "et"], ["created_at", "2021-04-17 18:32:01.071467"], ["updated_at", "2021-04-17 18:32:01.071467"]]
  [1m[36mTRANSACTION (0.9ms)[0m  [1m[36mcommit transaction[0m
  [1m[36mTRANSACTION (0.3ms)[0m  [1m[36mbegin transaction[0m
  [1m[36mCategory Create (1.4ms)[0m  [1m[32mINSERT INTO "categories" ("name", "created_at", "updated_at") VALUES (?, ?, ?)[0m  [["name", "quas"], ["created_at", "2021-04-17 18:32:01.078047"], ["updated_at", "2021-04-17 18:32:01.078047"]]
  [1m[36mTRANSACTION (1.3ms)[0m  [1m[36mcommit transaction[0m
  [1m[36mTRANSACTION (0.1ms)[0m  [1m[36mbegin transaction[0m
  [1m[36mCategory Create (0.5ms)[0m  [1m[32mINSERT INTO "categories" ("name", "created_at", "updated_at") VALUES (?, ?, ?)[0m  [["name", "occaecati"], ["created_at", "2021-04-17 18:32:01.089589"], ["updated_at", "2021-04-17 18:32:01.089589"]]
  [1m[36mTRANSACTION (0.9ms)[0m  [1m[36mcommit transaction[0m
  [1m[36mTRANSACTION (0.0ms)[0m  [1m[36mbegin transaction[0m
  [1m[36mCategory Create (0.9ms)[0m  [1m[32mINSERT INTO "categories" ("name", "created_at", "updated_at") VALUES (?, ?, ?)[0m  [["name", "rem"], ["created_at", "2021-04-17 18:32:01.096257"], ["updated_at", "2021-04-17 18:32:01.096257"]]
  [1m[36mTRANSACTION (0.9ms)[0m  [1m[36mcommit transaction[0m
  [1m[36mTRANSACTION (0.1ms)[0m  [1m[36mbegin transaction[0m
  [1m[36mCategory Create (0.5ms)[0m  [1m[32mINSERT INTO "categories" ("name", "created_at", "updated_at") VALUES (?, ?, ?)[0m  [["name", "dolores"], ["created_at", "2021-04-17 18:32:01.107763"], ["updated_at", "2021-04-17 18:32:01.107763"]]
  [1m[36mTRANSACTION (6.6ms)[0m  [1m[36mcommit transaction[0m
  [1m[35m (1.3ms)[0m  [1m[34mSELECT sqlite_version(*)[0m
  [1m[36mUser Load (0.8ms)[0m  [1m[34mSELECT "users".* FROM "users" /* loading for inspect */ LIMIT ?[0m  [["LIMIT", 11]]
  [1m[36mUser Load (0.3ms)[0m  [1m[34mSELECT "users".* FROM "users" ORDER BY "users"."id" ASC LIMIT ?[0m  [["LIMIT", 1]]
  [1m[36mResource Load (0.2ms)[0m  [1m[34mSELECT "resources".* FROM "resources" ORDER BY "resources"."id" ASC LIMIT ?[0m  [["LIMIT", 1]]
  [1m[36mOrganization Load (1.1ms)[0m  [1m[34mSELECT "organizations".* FROM "organizations" ORDER BY "organizations"."id" ASC LIMIT ?[0m  [["LIMIT", 1]]
  [1m[36mCategory Load (0.2ms)[0m  [1m[34mSELECT "categories".* FROM "categories" ORDER BY "categories"."id" ASC LIMIT ?[0m  [["LIMIT", 1]]
  [1m[36mUser Load (0.2ms)[0m  [1m[34mSELECT "users".* FROM "users" ORDER BY "users"."id" ASC LIMIT ?[0m  [["LIMIT", 1]]
  [1m[36mTRANSACTION (0.1ms)[0m  [1m[36mbegin transaction[0m
  [1m[36mOrganization Load (0.3ms)[0m  [1m[34mSELECT "organizations".* FROM "organizations" WHERE "organizations"."id" = ? LIMIT ?[0m  [["id", 1], ["LIMIT", 1]]
  [1m[36mResource Create (2.4ms)[0m  [1m[32mINSERT INTO "resources" ("name", "amount", "link", "description", "organization_id", "created_at", "updated_at") VALUES (?, ?, ?, ?, ?, ?, ?)[0m  [["name", "Capricornus"], ["amount", "$15066"], ["link", "marvin.com"], ["description", "Et saepe repudiandae. Autem qui ipsam. Id officia et."], ["organization_id", 1], ["created_at", "2021-04-17 18:35:32.559012"], ["updated_at", "2021-04-17 18:35:32.559012"]]
  [1m[36mTRANSACTION (2.3ms)[0m  [1m[36mcommit transaction[0m
  [1m[36mResource Load (1.5ms)[0m  [1m[34mSELECT "resources".* FROM "resources" ORDER BY "resources"."id" ASC LIMIT ?[0m  [["LIMIT", 1]]
  [1m[35m (0.8ms)[0m  [1m[34mSELECT COUNT(*) FROM "users"[0m
  [1m[35m (0.4ms)[0m  [1m[34mSELECT COUNT(*) FROM "users"[0m
  [1m[35m (0.4ms)[0m  [1m[34mSELECT COUNT(*) FROM "resources"[0m
  [1m[35m (1.5ms)[0m  [1m[34mSELECT COUNT(*) FROM "organizations"[0m
  [1m[35m (0.4ms)[0m  [1m[34mSELECT COUNT(*) FROM "categories"[0m
  [1m[35m (1.4ms)[0m  [1m[34mSELECT sqlite_version(*)[0m
  [1m[35m (0.3ms)[0m  [1m[34mSELECT "schema_migrations"."version" FROM "schema_migrations" ORDER BY "schema_migrations"."version" ASC[0m
  [1m[35m (0.1ms)[0m  [1m[34mSELECT sqlite_version(*)[0m
  [1m[36mTRANSACTION (0.1ms)[0m  [1m[36mbegin transaction[0m
  [1m[36mUser Create (1.7ms)[0m  [1m[32mINSERT INTO "users" ("first_name", "last_name", "password_digest", "username", "email", "created_at", "updated_at") VALUES (?, ?, ?, ?, ?, ?, ?)[0m  [["first_name", "Tyler"], ["last_name", "Rogahn"], ["password_digest", "$2a$12$IWCRfUkS8ijCA.jlu/oTpeFABy4X/mfJVrfVw7YAiEvTAzuWFqN8q"], ["username", "Solon"], ["email", "jarod@rutherford.io"], ["created_at", "2021-04-17 18:37:00.609065"], ["updated_at", "2021-04-17 18:37:00.609065"]]
  [1m[36mTRANSACTION (0.9ms)[0m  [1m[36mcommit transaction[0m
  [1m[36mTRANSACTION (0.0ms)[0m  [1m[36mbegin transaction[0m
  [1m[36mUser Create (0.5ms)[0m  [1m[32mINSERT INTO "users" ("first_name", "last_name", "password_digest", "username", "email", "created_at", "updated_at") VALUES (?, ?, ?, ?, ?, ?, ?)[0m  [["first_name", "Bernadine"], ["last_name", "Zemlak"], ["password_digest", "$2a$12$0WqsoKJUyVK087jH1gdqr.T7UjAV8272wzTASNW0cORN/y.W4BPoa"], ["username", "Aristotle"], ["email", "jorge_jacobi@brown.co"], ["created_at", "2021-04-17 18:37:00.953216"], ["updated_at", "2021-04-17 18:37:00.953216"]]
  [1m[36mTRANSACTION (1.6ms)[0m  [1m[36mcommit transaction[0m
  [1m[36mTRANSACTION (0.1ms)[0m  [1m[36mbegin transaction[0m
  [1m[36mOrganization Load (0.3ms)[0m  [1m[34mSELECT "organizations".* FROM "organizations" WHERE "organizations"."id" = ? LIMIT ?[0m  [["id", 1], ["LIMIT", 1]]
  [1m[36mResource Create (0.5ms)[0m  [1m[32mINSERT INTO "resources" ("name", "amount", "link", "description", "organization_id", "created_at", "updated_at") VALUES (?, ?, ?, ?, ?, ?, ?)[0m  [["name", "Cancer"], ["amount", "$12932"], ["link", "hills.org"], ["description", "Ullam est omnis. Quisquam qui molestias. Amet dolorem est."], ["organization_id", 1], ["created_at", "2021-04-17 18:37:01.002268"], ["updated_at", "2021-04-17 18:37:01.002268"]]
  [1m[36mTRANSACTION (1.3ms)[0m  [1m[36mcommit transaction[0m
  [1m[36mTRANSACTION (0.2ms)[0m  [1m[36mbegin transaction[0m
  [1m[36mOrganization Load (0.2ms)[0m  [1m[34mSELECT "organizations".* FROM "organizations" WHERE "organizations"."id" = ? LIMIT ?[0m  [["id", 1], ["LIMIT", 1]]
  [1m[36mResource Create (0.5ms)[0m  [1m[32mINSERT INTO "resources" ("name", "amount", "link", "description", "organization_id", "created_at", "updated_at") VALUES (?, ?, ?, ?, ?, ?, ?)[0m  [["name", "Capricornus"], ["amount", "$17409"], ["link", "kirlin-schulist.biz"], ["description", "Sit dolorem excepturi. Eum odit rerum. Maiores nobis quo."], ["organization_id", 1], ["created_at", "2021-04-17 18:37:01.013072"], ["updated_at", "2021-04-17 18:37:01.013072"]]
  [1m[36mTRANSACTION (1.0ms)[0m  [1m[36mcommit transaction[0m
  [1m[36mTRANSACTION (0.1ms)[0m  [1m[36mbegin transaction[0m
  [1m[36mOrganization Load (0.2ms)[0m  [1m[34mSELECT "organizations".* FROM "organizations" WHERE "organizations"."id" = ? LIMIT ?[0m  [["id", 2], ["LIMIT", 1]]
  [1m[36mResource Create (0.7ms)[0m  [1m[32mINSERT INTO "resources" ("name", "amount", "link", "description", "organization_id", "created_at", "updated_at") VALUES (?, ?, ?, ?, ?, ?, ?)[0m  [["name", "Canis Major"], ["amount", "$22863"], ["link", "little.biz"], ["description", "Consequatur id et. Molestias et omnis. Et distinctio sunt."], ["organization_id", 2], ["created_at", "2021-04-17 18:37:01.049134"], ["updated_at", "2021-04-17 18:37:01.049134"]]
  [1m[36mTRANSACTION (1.0ms)[0m  [1m[36mcommit transaction[0m
  [1m[36mTRANSACTION (0.1ms)[0m  [1m[36mbegin transaction[0m
  [1m[36mOrganization Load (0.2ms)[0m  [1m[34mSELECT "organizations".* FROM "organizations" WHERE "organizations"."id" = ? LIMIT ?[0m  [["id", 1], ["LIMIT", 1]]
  [1m[36mResource Create (0.5ms)[0m  [1m[32mINSERT INTO "resources" ("name", "amount", "link", "description", "organization_id", "created_at", "updated_at") VALUES (?, ?, ?, ?, ?, ?, ?)[0m  [["name", "Cancer"], ["amount", "$4101"], ["link", "harvey.com"], ["description", "Et repudiandae et. Assumenda provident maxime. Sit ut doloribus."], ["organization_id", 1], ["created_at", "2021-04-17 18:37:01.061543"], ["updated_at", "2021-04-17 18:37:01.061543"]]
  [1m[36mTRANSACTION (1.0ms)[0m  [1m[36mcommit transaction[0m
  [1m[36mTRANSACTION (0.1ms)[0m  [1m[36mbegin transaction[0m
  [1m[36mOrganization Load (0.1ms)[0m  [1m[34mSELECT "organizations".* FROM "organizations" WHERE "organizations"."id" = ? LIMIT ?[0m  [["id", 1], ["LIMIT", 1]]
  [1m[36mResource Create (0.4ms)[0m  [1m[32mINSERT INTO "resources" ("name", "amount", "link", "description", "organization_id", "created_at", "updated_at") VALUES (?, ?, ?, ?, ?, ?, ?)[0m  [["name", "Ursa Major"], ["amount", "$733"], ["link", "cremin.info"], ["description", "Voluptatem neque dolor. Porro perspiciatis rerum. Quas magni sed."], ["organization_id", 1], ["created_at", "2021-04-17 18:37:01.071105"], ["updated_at", "2021-04-17 18:37:01.071105"]]
  [1m[36mTRANSACTION (1.1ms)[0m  [1m[36mcommit transaction[0m
  [1m[35m (0.7ms)[0m  [1m[34mSELECT sqlite_version(*)[0m
  [1m[35m (0.2ms)[0m  [1m[34mSELECT COUNT(*) FROM "users"[0m
  [1m[35m (0.2ms)[0m  [1m[34mSELECT COUNT(*) FROM "resources"[0m
